<?xml version="1.0" encoding="UTF-8" standalone="yes" ?>
<test-results name="C:\Users\JaccoUijlenhoet\Documents\delphi_libraries\rqliteclient\test\Win32\Debug\rqlitetest.exe" total="2" errors="0" failures="0" ignored="0" inconclusive="0" not-run="0" skipped="0" invalid="0" date="2024-01-12" time="0.059">
  <culture-info current-culture="en" current-uiculture="en" />
  <test-suite type="Assembly" name="rqlitetest.exe" executed="true" result="Success" success="True" time="0.059" asserts="0">
    <results>
        <test-suite type="Namespace" name="utest" executed="true" result="Success" success="True" time="0.059" asserts="0" >
          <results>
              <test-suite type="Fixture" name="TRQLiteTest" executed="True" result="Success" success="True" time="0.059" >
                <results>
                  <test-case name="TestDropAndCreateTable" executed="True" result="Success" success="True" time="0.022" asserts="0" />
                  <test-case name="TestSelectAll" executed="True" result="Success" success="True" time="0.019" asserts="0" />
                </results>
              </test-suite>
          </results>
        </test-suite>
    </results>
  </test-suite>
</test-results>
